c:\users\user\desktop\새 폴더\graphics\x64\release\graphics.pch
c:\users\user\desktop\새 폴더\libraries\releaselib\graphics\graphics.pdb
c:\users\user\desktop\새 폴더\graphics\x64\release\pch.obj
c:\users\user\desktop\새 폴더\graphics\x64\release\testobject.obj
c:\users\user\desktop\새 폴더\graphics\x64\release\resourcemanager.obj
c:\users\user\desktop\새 폴더\graphics\x64\release\resource.obj
c:\users\user\desktop\새 폴더\graphics\x64\release\objectmanager.obj
c:\users\user\desktop\새 폴더\graphics\x64\release\objectinfo.obj
c:\users\user\desktop\새 폴더\graphics\x64\release\object.obj
c:\users\user\desktop\새 폴더\graphics\x64\release\id3drenderer.obj
c:\users\user\desktop\새 폴더\graphics\x64\release\fbxparser.obj
c:\users\user\desktop\새 폴더\graphics\x64\release\dxtkfont.obj
c:\users\user\desktop\새 폴더\graphics\x64\release\dx11device.obj
c:\users\user\desktop\새 폴더\graphics\x64\release\debugdraw.obj
c:\users\user\desktop\새 폴더\graphics\x64\release\d3drenderer.obj
c:\users\user\desktop\새 폴더\graphics\x64\release\camera.obj
c:\users\user\desktop\4q_project - 복사본\5_project\5-4_mockeryengine\mokeryengine\libraries\releaselib\graphics\combineps.cso
c:\users\user\desktop\4q_project - 복사본\5_project\5-4_mockeryengine\mokeryengine\libraries\releaselib\graphics\combinevs.cso
c:\users\user\desktop\4q_project - 복사본\5_project\5-4_mockeryengine\mokeryengine\libraries\releaselib\graphics\defaultps.cso
c:\users\user\desktop\4q_project - 복사본\5_project\5-4_mockeryengine\mokeryengine\libraries\releaselib\graphics\spriteps.cso
c:\users\user\desktop\4q_project - 복사본\5_project\5-4_mockeryengine\mokeryengine\libraries\releaselib\graphics\staticvs.cso
c:\users\user\desktop\4q_project - 복사본\5_project\5-4_mockeryengine\mokeryengine\libraries\releaselib\graphics\spritevs.cso
c:\users\user\desktop\4q_project - 복사본\5_project\5-4_mockeryengine\mokeryengine\libraries\releaselib\graphics\skeletalvs.cso
f:\the_devil_summoner\yongsrelease\4q_project - 복사본\5_project\5-4_mockeryengine\mokeryengine\libraries\releaselib\graphics\combineps.cso
f:\the_devil_summoner\yongsrelease\4q_project - 복사본\5_project\5-4_mockeryengine\mokeryengine\libraries\releaselib\graphics\combinevs.cso
f:\the_devil_summoner\yongsrelease\4q_project - 복사본\5_project\5-4_mockeryengine\mokeryengine\libraries\releaselib\graphics\defaultps.cso
f:\the_devil_summoner\yongsrelease\4q_project - 복사본\5_project\5-4_mockeryengine\mokeryengine\libraries\releaselib\graphics\spriteps.cso
f:\the_devil_summoner\yongsrelease\4q_project - 복사본\5_project\5-4_mockeryengine\mokeryengine\libraries\releaselib\graphics\spritevs.cso
f:\the_devil_summoner\yongsrelease\4q_project - 복사본\5_project\5-4_mockeryengine\mokeryengine\libraries\releaselib\graphics\staticvs.cso
f:\the_devil_summoner\yongsrelease\4q_project - 복사본\5_project\5-4_mockeryengine\mokeryengine\libraries\releaselib\graphics\skeletalvs.cso
c:\users\user\desktop\새 폴더\libraries\releaselib\graphics\combineps.cso
c:\users\user\desktop\새 폴더\libraries\releaselib\graphics\combinevs.cso
c:\users\user\desktop\새 폴더\libraries\releaselib\graphics\defaultps.cso
c:\users\user\desktop\새 폴더\libraries\releaselib\graphics\spriteps.cso
c:\users\user\desktop\새 폴더\libraries\releaselib\graphics\spritevs.cso
c:\users\user\desktop\새 폴더\libraries\releaselib\graphics\staticvs.cso
c:\users\user\desktop\새 폴더\libraries\releaselib\graphics\skeletalvs.cso
c:\users\user\desktop\새 폴더\libraries\releaselib\graphics\graphics.lib
c:\users\user\desktop\새 폴더\graphics\x64\release\graphics.tlog\cl.command.1.tlog
c:\users\user\desktop\새 폴더\graphics\x64\release\graphics.tlog\cl.items.tlog
c:\users\user\desktop\새 폴더\graphics\x64\release\graphics.tlog\cl.read.1.tlog
c:\users\user\desktop\새 폴더\graphics\x64\release\graphics.tlog\cl.write.1.tlog
c:\users\user\desktop\새 폴더\graphics\x64\release\graphics.tlog\fxc.command.1.tlog
c:\users\user\desktop\새 폴더\graphics\x64\release\graphics.tlog\fxc.read.1.tlog
c:\users\user\desktop\새 폴더\graphics\x64\release\graphics.tlog\fxc.write.1.tlog
c:\users\user\desktop\새 폴더\graphics\x64\release\graphics.tlog\lib-link.read.1.tlog
c:\users\user\desktop\새 폴더\graphics\x64\release\graphics.tlog\lib-link.write.1.tlog
c:\users\user\desktop\새 폴더\graphics\x64\release\graphics.tlog\lib.command.1.tlog
