C:\Program Files\Microsoft Visual Studio\2022\Community\MSBuild\Microsoft\VC\v170\Microsoft.CppBuild.targets(517,5): warning MSB8004: Output 디렉터리가 슬래시로 끝나지 않습니다. Output 디렉터리의 적절한 평가를 허용하는 데 필요하므로 이 빌드 인스턴스에서 슬래시를 추가합니다.
  D3DRenderer.cpp
C:\Users\user\Desktop\4Q_Project - 복사본\5_Project\5-4_MockeryEngine\MokeryEngine\Graphics\D3DRenderer.h(201,13): warning C4244: '=': 'int'에서 'float'(으)로 변환하면서 데이터가 손실될 수 있습니다.
  (소스 파일 '/D3DRenderer.cpp'을(를) 컴파일하는 중)
  
C:\Users\user\Desktop\4Q_Project - 복사본\5_Project\5-4_MockeryEngine\MokeryEngine\Graphics\D3DRenderer.h(202,13): warning C4244: '=': 'int'에서 'float'(으)로 변환하면서 데이터가 손실될 수 있습니다.
  (소스 파일 '/D3DRenderer.cpp'을(를) 컴파일하는 중)
  
C:\Users\user\Desktop\4Q_Project - 복사본\5_Project\5-4_MockeryEngine\MokeryEngine\Graphics\D3DRenderer.cpp(31,11): warning C4312: '형식 캐스트': 'int'에서 더 큰 'HWND'(으)로의 변환입니다.
  (소스 파일 '/D3DRenderer.cpp'을(를) 컴파일하는 중)
  
C:\Users\user\Desktop\4Q_Project - 복사본\5_Project\5-4_MockeryEngine\MokeryEngine\Graphics\D3DRenderer.cpp(58,83): warning C4244: '인수': 'int'에서 'float'(으)로 변환하면서 데이터가 손실될 수 있습니다.
  (소스 파일 '/D3DRenderer.cpp'을(를) 컴파일하는 중)
  
C:\Users\user\Desktop\4Q_Project - 복사본\5_Project\5-4_MockeryEngine\MokeryEngine\Graphics\D3DRenderer.cpp(58,68): warning C4244: '인수': 'int'에서 'float'(으)로 변환하면서 데이터가 손실될 수 있습니다.
  (소스 파일 '/D3DRenderer.cpp'을(를) 컴파일하는 중)
  
C:\Users\user\Desktop\4Q_Project - 복사본\5_Project\5-4_MockeryEngine\MokeryEngine\Graphics\D3DRenderer.cpp(164,32): warning C4244: '=': 'double'에서 'float'(으)로 변환하면서 데이터가 손실될 수 있습니다.
  (소스 파일 '/D3DRenderer.cpp'을(를) 컴파일하는 중)
  
C:\Users\user\Desktop\4Q_Project - 복사본\5_Project\5-4_MockeryEngine\MokeryEngine\Graphics\D3DRenderer.cpp(201,39): warning C4244: '=': 'double'에서 'float'(으)로 변환하면서 데이터가 손실될 수 있습니다.
  (소스 파일 '/D3DRenderer.cpp'을(를) 컴파일하는 중)
  
C:\Users\user\Desktop\4Q_Project - 복사본\5_Project\5-4_MockeryEngine\MokeryEngine\Graphics\D3DRenderer.cpp(206,40): warning C4244: '=': 'double'에서 'float'(으)로 변환하면서 데이터가 손실될 수 있습니다.
  (소스 파일 '/D3DRenderer.cpp'을(를) 컴파일하는 중)
  
C:\Users\user\Desktop\4Q_Project - 복사본\5_Project\5-4_MockeryEngine\MokeryEngine\Graphics\D3DRenderer.cpp(225,88): warning C4244: '인수': 'double'에서 'float'(으)로 변환하면서 데이터가 손실될 수 있습니다.
  (소스 파일 '/D3DRenderer.cpp'을(를) 컴파일하는 중)
  
C:\Users\user\Desktop\4Q_Project - 복사본\5_Project\5-4_MockeryEngine\MokeryEngine\Graphics\D3DRenderer.cpp(247,89): warning C4244: '인수': 'double'에서 'float'(으)로 변환하면서 데이터가 손실될 수 있습니다.
  (소스 파일 '/D3DRenderer.cpp'을(를) 컴파일하는 중)
  
C:\Users\user\Desktop\4Q_Project - 복사본\5_Project\5-4_MockeryEngine\MokeryEngine\Graphics\D3DRenderer.cpp(262,87): warning C4244: '인수': 'double'에서 'float'(으)로 변환하면서 데이터가 손실될 수 있습니다.
  (소스 파일 '/D3DRenderer.cpp'을(를) 컴파일하는 중)
  
C:\Users\user\Desktop\4Q_Project - 복사본\5_Project\5-4_MockeryEngine\MokeryEngine\Graphics\D3DRenderer.cpp(318,91): warning C4267: '=': 'size_t'에서 'UINT'(으)로 변환하면서 데이터가 손실될 수 있습니다.
  (소스 파일 '/D3DRenderer.cpp'을(를) 컴파일하는 중)
  
C:\Users\user\Desktop\4Q_Project - 복사본\5_Project\5-4_MockeryEngine\MokeryEngine\Graphics\D3DRenderer.cpp(330,91): warning C4267: '=': 'size_t'에서 'UINT'(으)로 변환하면서 데이터가 손실될 수 있습니다.
  (소스 파일 '/D3DRenderer.cpp'을(를) 컴파일하는 중)
  
C:\Users\user\Desktop\4Q_Project - 복사본\5_Project\5-4_MockeryEngine\MokeryEngine\Graphics\D3DRenderer.cpp(432,94): warning C4267: '=': 'size_t'에서 'UINT'(으)로 변환하면서 데이터가 손실될 수 있습니다.
  (소스 파일 '/D3DRenderer.cpp'을(를) 컴파일하는 중)
  
C:\Users\user\Desktop\4Q_Project - 복사본\5_Project\5-4_MockeryEngine\MokeryEngine\Graphics\D3DRenderer.cpp(673,56): warning C4267: '=': 'size_t'에서 'UINT'(으)로 변환하면서 데이터가 손실될 수 있습니다.
  (소스 파일 '/D3DRenderer.cpp'을(를) 컴파일하는 중)
  
C:\Users\user\Desktop\4Q_Project - 복사본\5_Project\5-4_MockeryEngine\MokeryEngine\Graphics\D3DRenderer.cpp(677,64): warning C4244: '=': 'double'에서 'UINT'(으)로 변환하면서 데이터가 손실될 수 있습니다.
  (소스 파일 '/D3DRenderer.cpp'을(를) 컴파일하는 중)
  
C:\Users\user\Desktop\4Q_Project - 복사본\5_Project\5-4_MockeryEngine\MokeryEngine\Graphics\D3DRenderer.cpp(749,30): warning C4267: '인수': 'size_t'에서 'UINT'(으)로 변환하면서 데이터가 손실될 수 있습니다.
  (소스 파일 '/D3DRenderer.cpp'을(를) 컴파일하는 중)
  
C:\Users\user\Desktop\4Q_Project - 복사본\5_Project\5-4_MockeryEngine\MokeryEngine\Graphics\D3DRenderer.cpp(884,22): warning C4267: '초기화 중': 'size_t'에서 'UINT'(으)로 변환하면서 데이터가 손실될 수 있습니다.
  (소스 파일 '/D3DRenderer.cpp'을(를) 컴파일하는 중)
  
C:\Users\user\Desktop\4Q_Project - 복사본\5_Project\5-4_MockeryEngine\MokeryEngine\Graphics\D3DRenderer.cpp(895,33): warning C4267: '=': 'size_t'에서 'UINT'(으)로 변환하면서 데이터가 손실될 수 있습니다.
  (소스 파일 '/D3DRenderer.cpp'을(를) 컴파일하는 중)
  
C:\Users\user\Desktop\4Q_Project - 복사본\5_Project\5-4_MockeryEngine\MokeryEngine\Graphics\D3DRenderer.cpp(909,28): warning C4244: '인수': 'double'에서 'float'(으)로 변환하면서 데이터가 손실될 수 있습니다.
  (소스 파일 '/D3DRenderer.cpp'을(를) 컴파일하는 중)
  
C:\Users\user\Desktop\4Q_Project - 복사본\5_Project\5-4_MockeryEngine\MokeryEngine\Graphics\D3DRenderer.cpp(946,31): warning C4267: '인수': 'size_t'에서 'UINT'(으)로 변환하면서 데이터가 손실될 수 있습니다.
  (소스 파일 '/D3DRenderer.cpp'을(를) 컴파일하는 중)
  
C:\Users\user\Desktop\4Q_Project - 복사본\5_Project\5-4_MockeryEngine\MokeryEngine\Graphics\D3DRenderer.cpp(1205,76): warning C4267: '인수': 'size_t'에서 'UINT'(으)로 변환하면서 데이터가 손실될 수 있습니다.
  (소스 파일 '/D3DRenderer.cpp'을(를) 컴파일하는 중)
  
  ID3DRenderer.cpp
C:\Users\user\Desktop\4Q_Project - 복사본\5_Project\5-4_MockeryEngine\MokeryEngine\Graphics\D3DRenderer.h(201,13): warning C4244: '=': 'int'에서 'float'(으)로 변환하면서 데이터가 손실될 수 있습니다.
  (소스 파일 '/ID3DRenderer.cpp'을(를) 컴파일하는 중)
  
C:\Users\user\Desktop\4Q_Project - 복사본\5_Project\5-4_MockeryEngine\MokeryEngine\Graphics\D3DRenderer.h(202,13): warning C4244: '=': 'int'에서 'float'(으)로 변환하면서 데이터가 손실될 수 있습니다.
  (소스 파일 '/ID3DRenderer.cpp'을(를) 컴파일하는 중)
  
  코드를 생성하고 있습니다...
  Graphics.vcxproj -> C:\Users\user\Desktop\4Q_Project - 복사본\5_Project\5-4_MockeryEngine\MokeryEngine\Libraries\DebugLib\Graphics\Graphics.lib
